2026-04-19 12:36:25,506 [INFO] Starting DataGuard pipeline
2026-04-19 12:36:25,513 [INFO] Loaded 101 records from applications.csv
2026-04-19 12:36:25,514 [INFO] All required columns present
2026-04-19 12:36:25,516 [WARNING] Rejected ABR-2024-003: MISSING applicant name
2026-04-19 12:36:25,518 [WARNING] Rejected ABR-2024-006: MISSING email
2026-04-19 12:36:25,519 [WARNING] Rejected ABR-2024-001: DUPLICATE application ID
2026-04-19 12:36:25,521 [WARNING] Rejected ABR-2024-008: FUNDING EXCEEDS LIMIT ($200,000 > $150,000)
2026-04-19 12:36:25,522 [WARNING] Rejected ABR-2024-009: MISSING project title
2026-04-19 12:36:25,525 [WARNING] Rejected ABR-2024-013: MISSING applicant name
2026-04-19 12:36:25,527 [WARNING] Rejected ABR-2024-017: MISSING email
2026-04-19 12:36:25,529 [WARNING] Rejected ABR-2024-020: MISSING project title
2026-04-19 12:36:25,531 [WARNING] Rejected ABR-2024-024: MISSING applicant name
2026-04-19 12:36:25,534 [WARNING] Rejected ABR-2024-026: FUNDING EXCEEDS LIMIT ($175,000 > $150,000)
2026-04-19 12:36:25,536 [WARNING] Rejected ABR-2024-031: MISSING project title
2026-04-19 12:36:25,539 [WARNING] Rejected ABR-2024-036: MISSING applicant name
2026-04-19 12:36:25,542 [WARNING] Rejected ABR-2024-043: MISSING email
2026-04-19 12:36:25,543 [WARNING] Rejected ABR-2024-046: MISSING project title | FUNDING EXCEEDS LIMIT ($190,000 > $150,000)
2026-04-19 12:36:25,544 [WARNING] Rejected ABR-2024-048: MISSING applicant name
2026-04-19 12:36:25,548 [WARNING] Rejected ABR-2024-055: MISSING applicant name
2026-04-19 12:36:25,550 [WARNING] Rejected ABR-2024-058: FUNDING EXCEEDS LIMIT ($165,000 > $150,000)
2026-04-19 12:36:25,552 [WARNING] Rejected ABR-2024-061: MISSING project title | FUNDING EXCEEDS LIMIT ($155,000 > $150,000)
2026-04-19 12:36:25,553 [WARNING] Rejected ABR-2024-063: MISSING applicant name
2026-04-19 12:36:25,555 [WARNING] Rejected ABR-2024-068: MISSING email
2026-04-19 12:36:25,558 [WARNING] Rejected ABR-2024-071: MISSING applicant name
2026-04-19 12:36:25,559 [WARNING] Rejected ABR-2024-076: MISSING project title
2026-04-19 12:36:25,561 [WARNING] Rejected ABR-2024-079: MISSING applicant name
2026-04-19 12:36:25,563 [WARNING] Rejected ABR-2024-084: FUNDING EXCEEDS LIMIT ($210,000 > $150,000)
2026-04-19 12:36:25,565 [WARNING] Rejected ABR-2024-086: MISSING applicant name
2026-04-19 12:36:25,566 [WARNING] Rejected ABR-2024-088: MISSING project title
2026-04-19 12:36:25,569 [WARNING] Rejected ABR-2024-091: FUNDING EXCEEDS LIMIT ($180,000 > $150,000)
2026-04-19 12:36:25,570 [WARNING] Rejected ABR-2024-092: MISSING applicant name
2026-04-19 12:36:25,572 [WARNING] Rejected ABR-2024-097: MISSING email
2026-04-19 12:36:25,625 [INFO] Saved 72 clean records to dataguard.db
2026-04-19 12:36:25,658 [INFO] Pipeline completed successfully
2026-04-19 12:46:57,509 [INFO] Starting DataGuard pipeline
2026-04-19 12:46:57,511 [INFO] Loaded 101 records from applications.csv
2026-04-19 12:46:57,512 [INFO] All required columns present
2026-04-19 12:46:57,512 [WARNING] Rejected ABR-2024-003: MISSING applicant name
2026-04-19 12:46:57,513 [WARNING] Rejected ABR-2024-006: MISSING email
2026-04-19 12:46:57,513 [WARNING] Rejected ABR-2024-001: DUPLICATE application ID
2026-04-19 12:46:57,513 [WARNING] Rejected ABR-2024-008: FUNDING EXCEEDS LIMIT ($200,000 > $150,000)
2026-04-19 12:46:57,514 [WARNING] Rejected ABR-2024-009: MISSING project title
2026-04-19 12:46:57,514 [WARNING] Rejected ABR-2024-013: MISSING applicant name
2026-04-19 12:46:57,515 [WARNING] Rejected ABR-2024-017: MISSING email
2026-04-19 12:46:57,515 [WARNING] Rejected ABR-2024-020: MISSING project title
2026-04-19 12:46:57,515 [WARNING] Rejected ABR-2024-024: MISSING applicant name
2026-04-19 12:46:57,516 [WARNING] Rejected ABR-2024-026: FUNDING EXCEEDS LIMIT ($175,000 > $150,000)
2026-04-19 12:46:57,516 [WARNING] Rejected ABR-2024-031: MISSING project title
2026-04-19 12:46:57,517 [WARNING] Rejected ABR-2024-036: MISSING applicant name
2026-04-19 12:46:57,518 [WARNING] Rejected ABR-2024-043: MISSING email
2026-04-19 12:46:57,519 [WARNING] Rejected ABR-2024-046: MISSING project title | FUNDING EXCEEDS LIMIT ($190,000 > $150,000)
2026-04-19 12:46:57,520 [WARNING] Rejected ABR-2024-048: MISSING applicant name
2026-04-19 12:46:57,521 [WARNING] Rejected ABR-2024-055: MISSING applicant name
2026-04-19 12:46:57,521 [WARNING] Rejected ABR-2024-058: FUNDING EXCEEDS LIMIT ($165,000 > $150,000)
2026-04-19 12:46:57,522 [WARNING] Rejected ABR-2024-061: MISSING project title | FUNDING EXCEEDS LIMIT ($155,000 > $150,000)
2026-04-19 12:46:57,522 [WARNING] Rejected ABR-2024-063: MISSING applicant name
2026-04-19 12:46:57,522 [WARNING] Rejected ABR-2024-068: MISSING email
2026-04-19 12:46:57,523 [WARNING] Rejected ABR-2024-071: MISSING applicant name
2026-04-19 12:46:57,523 [WARNING] Rejected ABR-2024-076: MISSING project title
2026-04-19 12:46:57,523 [WARNING] Rejected ABR-2024-079: MISSING applicant name
2026-04-19 12:46:57,523 [WARNING] Rejected ABR-2024-084: FUNDING EXCEEDS LIMIT ($210,000 > $150,000)
2026-04-19 12:46:57,524 [WARNING] Rejected ABR-2024-086: MISSING applicant name
2026-04-19 12:46:57,524 [WARNING] Rejected ABR-2024-088: MISSING project title
2026-04-19 12:46:57,524 [WARNING] Rejected ABR-2024-091: FUNDING EXCEEDS LIMIT ($180,000 > $150,000)
2026-04-19 12:46:57,525 [WARNING] Rejected ABR-2024-092: MISSING applicant name
2026-04-19 12:46:57,525 [WARNING] Rejected ABR-2024-097: MISSING email
2026-04-19 12:46:57,547 [INFO] Saved 72 clean records to dataguard.db
2026-04-19 12:46:57,553 [INFO] Clean dataset exported -> clean_applications.csv
2026-04-19 12:46:57,560 [INFO] Error report exported -> error_report.csv (29 records)
2026-04-19 12:46:57,568 [INFO] Pipeline completed successfully
